# JRE version: Java(TM) SE Runtime Environment (8.0_152-b02) (build 1.8.0_152-ea-b02)
# Java VM: Java HotSpot(TM) 64-Bit Server VM (25.152-b02 mixed mode bsd-amd64 compressed oops)
Heap:
 PSYoungGen      total 74240K, used 73715K [0x000000076ab00000, 0x0000000771100000, 0x00000007c0000000)
  eden space 59392K, 99% used [0x000000076ab00000,0x000000076e4b4e48,0x000000076e500000)
  from space 14848K, 98% used [0x000000076e600000,0x000000076f448040,0x000000076f480000)
  to   space 22528K, 0% used [0x000000076fb00000,0x000000076fb00000,0x0000000771100000)
 ParOldGen       total 175104K, used 16670K [0x00000006c0000000, 0x00000006cab00000, 0x000000076ab00000)
  object space 175104K, 9% used [0x00000006c0000000,0x00000006c1047800,0x00000006cab00000)
 Metaspace       used 16575K, capacity 17194K, committed 17536K, reserved 1064960K
  class space    used 2128K, capacity 2326K, committed 2432K, reserved 1048576K
GC Heap History (10 events):
Event: 6.189 GC heap before
{Heap before GC invocations=5 (full 0):
 PSYoungGen      total 76288K, used 73597K [0x000000076ab00000, 0x0000000770000000, 0x00000007c0000000)
  eden space 65536K, 97% used [0x000000076ab00000,0x000000076e9331a0,0x000000076eb00000)
  from space 10752K, 92% used [0x000000076f580000,0x000000076ff2c570,0x0000000770000000)
  to   space 10752K, 0% used [0x000000076eb00000,0x000000076eb00000,0x000000076f580000)
 ParOldGen       total 175104K, used 13141K [0x00000006c0000000, 0x00000006cab00000, 0x000000076ab00000)
  object space 175104K, 7% used [0x00000006c0000000,0x00000006c0cd5720,0x00000006cab00000)
 Metaspace       used 16427K, capacity 16994K, committed 17280K, reserved 1064960K
  class space    used 2128K, capacity 2326K, committed 2432K, reserved 1048576K
Event: 6.192 GC heap after
Heap after GC invocations=5 (full 0):
 PSYoungGen      total 74752K, used 9018K [0x000000076ab00000, 0x0000000771880000, 0x00000007c0000000)
  eden space 64000K, 0% used [0x000000076ab00000,0x000000076ab00000,0x000000076e980000)
  from space 10752K, 83% used [0x000000076eb00000,0x000000076f3ceae0,0x000000076f580000)
  to   space 24064K, 0% used [0x0000000770100000,0x0000000770100000,0x0000000771880000)
 ParOldGen       total 175104K, used 13141K [0x00000006c0000000, 0x00000006cab00000, 0x000000076ab00000)
  object space 175104K, 7% used [0x00000006c0000000,0x00000006c0cd5720,0x00000006cab00000)
 Metaspace       used 16427K, capacity 16994K, committed 17280K, reserved 1064960K
  class space    used 2128K, capacity 2326K, committed 2432K, reserved 1048576K
}
Event: 6.763 GC heap before
{Heap before GC invocations=6 (full 0):
 PSYoungGen      total 74752K, used 72313K [0x000000076ab00000, 0x0000000771880000, 0x00000007c0000000)
  eden space 64000K, 98% used [0x000000076ab00000,0x000000076e8cfc50,0x000000076e980000)
  from space 10752K, 83% used [0x000000076eb00000,0x000000076f3ceae0,0x000000076f580000)
  to   space 24064K, 0% used [0x0000000770100000,0x0000000770100000,0x0000000771880000)
 ParOldGen       total 175104K, used 13141K [0x00000006c0000000, 0x00000006cab00000, 0x000000076ab00000)
  object space 175104K, 7% used [0x00000006c0000000,0x00000006c0cd5720,0x00000006cab00000)
 Metaspace       used 16437K, capacity 17058K, committed 17280K, reserved 1064960K
  class space    used 2128K, capacity 2326K, committed 2432K, reserved 1048576K
Event: 6.769 GC heap after
Heap after GC invocations=6 (full 0):
 PSYoungGen      total 82944K, used 8102K [0x000000076ab00000, 0x0000000771500000, 0x00000007c0000000)
  eden space 62464K, 0% used [0x000000076ab00000,0x000000076ab00000,0x000000076e800000)
  from space 20480K, 39% used [0x0000000770100000,0x00000007708e9ae0,0x0000000771500000)
  to   space 23040K, 0% used [0x000000076e800000,0x000000076e800000,0x000000076fe80000)
 ParOldGen       total 175104K, used 13149K [0x00000006c0000000, 0x00000006cab00000, 0x000000076ab00000)
  object space 175104K, 7% used [0x00000006c0000000,0x00000006c0cd7720,0x00000006cab00000)
 Metaspace       used 16437K, capacity 17058K, committed 17280K, reserved 1064960K
  class space    used 2128K, capacity 2326K, committed 2432K, reserved 1048576K
}
Event: 7.265 GC heap before
{Heap before GC invocations=7 (full 0):
 PSYoungGen      total 82944K, used 67461K [0x000000076ab00000, 0x0000000771500000, 0x00000007c0000000)
  eden space 62464K, 95% used [0x000000076ab00000,0x000000076e4f7c58,0x000000076e800000)
  from space 20480K, 39% used [0x0000000770100000,0x00000007708e9ae0,0x0000000771500000)
  to   space 23040K, 0% used [0x000000076e800000,0x000000076e800000,0x000000076fe80000)
 ParOldGen       total 175104K, used 13149K [0x00000006c0000000, 0x00000006cab00000, 0x000000076ab00000)
  object space 175104K, 7% used [0x00000006c0000000,0x00000006c0cd7720,0x00000006cab00000)
 Metaspace       used 16451K, capacity 17058K, committed 17280K, reserved 1064960K
  class space    used 2128K, capacity 2326K, committed 2432K, reserved 1048576K
Event: 7.268 GC heap after
Heap after GC invocations=7 (full 0):
 PSYoungGen      total 69120K, used 7488K [0x000000076ab00000, 0x0000000771300000, 0x00000007c0000000)
  eden space 61440K, 0% used [0x000000076ab00000,0x000000076ab00000,0x000000076e700000)
  from space 7680K, 97% used [0x000000076e800000,0x000000076ef50020,0x000000076ef80000)
  to   space 22528K, 0% used [0x000000076fd00000,0x000000076fd00000,0x0000000771300000)
 ParOldGen       total 175104K, used 16614K [0x00000006c0000000, 0x00000006cab00000, 0x000000076ab00000)
  object space 175104K, 9% used [0x00000006c0000000,0x00000006c1039800,0x00000006cab00000)
 Metaspace       used 16451K, capacity 17058K, committed 17280K, reserved 1064960K
  class space    used 2128K, capacity 2326K, committed 2432K, reserved 1048576K
}
Event: 7.847 GC heap before
{Heap before GC invocations=8 (full 0):
 PSYoungGen      total 69120K, used 67537K [0x000000076ab00000, 0x0000000771300000, 0x00000007c0000000)
  eden space 61440K, 97% used [0x000000076ab00000,0x000000076e5a4738,0x000000076e700000)
  from space 7680K, 97% used [0x000000076e800000,0x000000076ef50020,0x000000076ef80000)
  to   space 22528K, 0% used [0x000000076fd00000,0x000000076fd00000,0x0000000771300000)
 ParOldGen       total 175104K, used 16614K [0x00000006c0000000, 0x00000006cab00000, 0x000000076ab00000)
  object space 175104K, 9% used [0x00000006c0000000,0x00000006c1039800,0x00000006cab00000)
 Metaspace       used 16471K, capacity 17058K, committed 17280K, reserved 1064960K
  class space    used 2128K, capacity 2326K, committed 2432K, reserved 1048576K
Event: 7.849 GC heap after
Heap after GC invocations=8 (full 0):
 PSYoungGen      total 80896K, used 6588K [0x000000076ab00000, 0x0000000771100000, 0x00000007c0000000)
  eden space 60416K, 0% used [0x000000076ab00000,0x000000076ab00000,0x000000076e600000)
  from space 20480K, 32% used [0x000000076fd00000,0x000000077036f040,0x0000000771100000)
  to   space 22016K, 0% used [0x000000076e600000,0x000000076e600000,0x000000076fb80000)
 ParOldGen       total 175104K, used 16654K [0x00000006c0000000, 0x00000006cab00000, 0x000000076ab00000)
  object space 175104K, 9% used [0x00000006c0000000,0x00000006c1043800,0x00000006cab00000)
 Metaspace       used 16471K, capacity 17058K, committed 17280K, reserved 1064960K
  class space    used 2128K, capacity 2326K, committed 2432K, reserved 1048576K
}
Event: 8.355 GC heap before
{Heap before GC invocations=9 (full 0):
 PSYoungGen      total 80896K, used 64779K [0x000000076ab00000, 0x0000000771100000, 0x00000007c0000000)
  eden space 60416K, 96% used [0x000000076ab00000,0x000000076e3d3bc8,0x000000076e600000)
  from space 20480K, 32% used [0x000000076fd00000,0x000000077036f040,0x0000000771100000)
  to   space 22016K, 0% used [0x000000076e600000,0x000000076e600000,0x000000076fb80000)
 ParOldGen       total 175104K, used 16654K [0x00000006c0000000, 0x00000006cab00000, 0x000000076ab00000)
  object space 175104K, 9% used [0x00000006c0000000,0x00000006c1043800,0x00000006cab00000)
 Metaspace       used 16527K, capacity 17130K, committed 17280K, reserved 1064960K
  class space    used 2128K, capacity 2326K, committed 2432K, reserved 1048576K
Event: 8.356 GC heap after
Heap after GC invocations=9 (full 0):
 PSYoungGen      total 74240K, used 14624K [0x000000076ab00000, 0x0000000771100000, 0x00000007c0000000)
  eden space 59392K, 0% used [0x000000076ab00000,0x000000076ab00000,0x000000076e500000)
  from space 14848K, 98% used [0x000000076e600000,0x000000076f448040,0x000000076f480000)
  to   space 22528K, 0% used [0x000000076fb00000,0x000000076fb00000,0x0000000771100000)
 ParOldGen       total 175104K, used 16670K [0x00000006c0000000, 0x00000006cab00000, 0x000000076ab00000)
  object space 175104K, 9% used [0x00000006c0000000,0x00000006c1047800,0x00000006cab00000)
 Metaspace       used 16527K, capacity 17130K, committed 17280K, reserved 1064960K
  class space    used 2128K, capacity 2326K, committed 2432K, reserved 1048576K
}

