# JRE version: Java(TM) SE Runtime Environment (8.0_152-b02) (build 1.8.0_152-ea-b02)
# Java VM: Java HotSpot(TM) 64-Bit Server VM (25.152-b02 mixed mode bsd-amd64 compressed oops)
Heap:
 PSYoungGen      total 73216K, used 20495K [0x000000076ab00000, 0x0000000770f00000, 0x00000007c0000000)
  eden space 57344K, 8% used [0x000000076ab00000,0x000000076afb3f28,0x000000076e300000)
  from space 15872K, 98% used [0x000000076e400000,0x000000076f350050,0x000000076f380000)
  to   space 22528K, 0% used [0x000000076f900000,0x000000076f900000,0x0000000770f00000)
 ParOldGen       total 175104K, used 40130K [0x00000006c0000000, 0x00000006cab00000, 0x000000076ab00000)
  object space 175104K, 22% used [0x00000006c0000000,0x00000006c2730a70,0x00000006cab00000)
 Metaspace       used 16558K, capacity 17194K, committed 17536K, reserved 1064960K
  class space    used 2127K, capacity 2326K, committed 2432K, reserved 1048576K
GC Heap History (10 events):
Event: 7.283 GC heap before
{Heap before GC invocations=7 (full 0):
 PSYoungGen      total 81920K, used 78153K [0x000000076ab00000, 0x0000000771100000, 0x00000007c0000000)
  eden space 62464K, 96% used [0x000000076ab00000,0x000000076e5b6460,0x000000076e800000)
  from space 19456K, 92% used [0x000000076fe00000,0x0000000770f9c070,0x0000000771100000)
  to   space 20992K, 0% used [0x000000076e800000,0x000000076e800000,0x000000076fc80000)
 ParOldGen       total 175104K, used 32915K [0x00000006c0000000, 0x00000006cab00000, 0x000000076ab00000)
  object space 175104K, 18% used [0x00000006c0000000,0x00000006c2024e50,0x00000006cab00000)
 Metaspace       used 16403K, capacity 16986K, committed 17280K, reserved 1064960K
  class space    used 2127K, capacity 2326K, committed 2432K, reserved 1048576K
Event: 7.287 GC heap after
Heap after GC invocations=7 (full 0):
 PSYoungGen      total 82432K, used 4788K [0x000000076ab00000, 0x0000000771400000, 0x00000007c0000000)
  eden space 61440K, 0% used [0x000000076ab00000,0x000000076ab00000,0x000000076e700000)
  from space 20992K, 22% used [0x000000076e800000,0x000000076ecad020,0x000000076fc80000)
  to   space 23040K, 0% used [0x000000076fd80000,0x000000076fd80000,0x0000000771400000)
 ParOldGen       total 175104K, used 36370K [0x00000006c0000000, 0x00000006cab00000, 0x000000076ab00000)
  object space 175104K, 20% used [0x00000006c0000000,0x00000006c2384a60,0x00000006cab00000)
 Metaspace       used 16403K, capacity 16986K, committed 17280K, reserved 1064960K
  class space    used 2127K, capacity 2326K, committed 2432K, reserved 1048576K
}
Event: 7.792 GC heap before
{Heap before GC invocations=8 (full 0):
 PSYoungGen      total 82432K, used 62950K [0x000000076ab00000, 0x0000000771400000, 0x00000007c0000000)
  eden space 61440K, 94% used [0x000000076ab00000,0x000000076e3cc950,0x000000076e700000)
  from space 20992K, 22% used [0x000000076e800000,0x000000076ecad020,0x000000076fc80000)
  to   space 23040K, 0% used [0x000000076fd80000,0x000000076fd80000,0x0000000771400000)
 ParOldGen       total 175104K, used 36370K [0x00000006c0000000, 0x00000006cab00000, 0x000000076ab00000)
  object space 175104K, 20% used [0x00000006c0000000,0x00000006c2384a60,0x00000006cab00000)
 Metaspace       used 16424K, capacity 16986K, committed 17280K, reserved 1064960K
  class space    used 2127K, capacity 2326K, committed 2432K, reserved 1048576K
Event: 7.794 GC heap after
Heap after GC invocations=8 (full 0):
 PSYoungGen      total 81408K, used 14688K [0x000000076ab00000, 0x0000000771200000, 0x00000007c0000000)
  eden space 60416K, 0% used [0x000000076ab00000,0x000000076ab00000,0x000000076e600000)
  from space 20992K, 69% used [0x000000076fd80000,0x0000000770bd8040,0x0000000771200000)
  to   space 22528K, 0% used [0x000000076e600000,0x000000076e600000,0x000000076fc00000)
 ParOldGen       total 175104K, used 36426K [0x00000006c0000000, 0x00000006cab00000, 0x000000076ab00000)
  object space 175104K, 20% used [0x00000006c0000000,0x00000006c2392a60,0x00000006cab00000)
 Metaspace       used 16424K, capacity 16986K, committed 17280K, reserved 1064960K
  class space    used 2127K, capacity 2326K, committed 2432K, reserved 1048576K
}
Event: 8.365 GC heap before
{Heap before GC invocations=9 (full 0):
 PSYoungGen      total 81408K, used 74624K [0x000000076ab00000, 0x0000000771200000, 0x00000007c0000000)
  eden space 60416K, 99% used [0x000000076ab00000,0x000000076e5882f0,0x000000076e600000)
  from space 20992K, 69% used [0x000000076fd80000,0x0000000770bd8040,0x0000000771200000)
  to   space 22528K, 0% used [0x000000076e600000,0x000000076e600000,0x000000076fc00000)
 ParOldGen       total 175104K, used 36426K [0x00000006c0000000, 0x00000006cab00000, 0x000000076ab00000)
  object space 175104K, 20% used [0x00000006c0000000,0x00000006c2392a60,0x00000006cab00000)
 Metaspace       used 16471K, capacity 17050K, committed 17280K, reserved 1064960K
  class space    used 2127K, capacity 2326K, committed 2432K, reserved 1048576K
Event: 8.366 GC heap after
Heap after GC invocations=9 (full 0):
 PSYoungGen      total 81920K, used 6556K [0x000000076ab00000, 0x0000000771300000, 0x00000007c0000000)
  eden space 59392K, 0% used [0x000000076ab00000,0x000000076ab00000,0x000000076e500000)
  from space 22528K, 29% used [0x000000076e600000,0x000000076ec67040,0x000000076fc00000)
  to   space 23552K, 0% used [0x000000076fc00000,0x000000076fc00000,0x0000000771300000)
 ParOldGen       total 175104K, used 36442K [0x00000006c0000000, 0x00000006cab00000, 0x000000076ab00000)
  object space 175104K, 20% used [0x00000006c0000000,0x00000006c2396a60,0x00000006cab00000)
 Metaspace       used 16471K, capacity 17050K, committed 17280K, reserved 1064960K
  class space    used 2127K, capacity 2326K, committed 2432K, reserved 1048576K
}
Event: 8.865 GC heap before
{Heap before GC invocations=10 (full 0):
 PSYoungGen      total 81920K, used 64614K [0x000000076ab00000, 0x0000000771300000, 0x00000007c0000000)
  eden space 59392K, 97% used [0x000000076ab00000,0x000000076e3b2ae8,0x000000076e500000)
  from space 22528K, 29% used [0x000000076e600000,0x000000076ec67040,0x000000076fc00000)
  to   space 23552K, 0% used [0x000000076fc00000,0x000000076fc00000,0x0000000771300000)
 ParOldGen       total 175104K, used 36442K [0x00000006c0000000, 0x00000006cab00000, 0x000000076ab00000)
  object space 175104K, 20% used [0x00000006c0000000,0x00000006c2396a60,0x00000006cab00000)
 Metaspace       used 16508K, capacity 17058K, committed 17280K, reserved 1064960K
  class space    used 2127K, capacity 2326K, committed 2432K, reserved 1048576K
Event: 8.866 GC heap after
Heap after GC invocations=10 (full 0):
 PSYoungGen      total 78848K, used 14656K [0x000000076ab00000, 0x0000000771000000, 0x00000007c0000000)
  eden space 58368K, 0% used [0x000000076ab00000,0x000000076ab00000,0x000000076e400000)
  from space 20480K, 71% used [0x000000076fc00000,0x0000000770a50040,0x0000000771000000)
  to   space 22528K, 0% used [0x000000076e400000,0x000000076e400000,0x000000076fa00000)
 ParOldGen       total 175104K, used 36482K [0x00000006c0000000, 0x00000006cab00000, 0x000000076ab00000)
  object space 175104K, 20% used [0x00000006c0000000,0x00000006c23a0a60,0x00000006cab00000)
 Metaspace       used 16508K, capacity 17058K, committed 17280K, reserved 1064960K
  class space    used 2127K, capacity 2326K, committed 2432K, reserved 1048576K
}
Event: 9.367 GC heap before
{Heap before GC invocations=11 (full 0):
 PSYoungGen      total 78848K, used 70056K [0x000000076ab00000, 0x0000000771000000, 0x00000007c0000000)
  eden space 58368K, 94% used [0x000000076ab00000,0x000000076e11a230,0x000000076e400000)
  from space 20480K, 71% used [0x000000076fc00000,0x0000000770a50040,0x0000000771000000)
  to   space 22528K, 0% used [0x000000076e400000,0x000000076e400000,0x000000076fa00000)
 ParOldGen       total 175104K, used 36482K [0x00000006c0000000, 0x00000006cab00000, 0x000000076ab00000)
  object space 175104K, 20% used [0x00000006c0000000,0x00000006c23a0a60,0x00000006cab00000)
 Metaspace       used 16533K, capacity 17194K, committed 17536K, reserved 1064960K
  class space    used 2127K, capacity 2326K, committed 2432K, reserved 1048576K
Event: 9.371 GC heap after
Heap after GC invocations=11 (full 0):
 PSYoungGen      total 73216K, used 15680K [0x000000076ab00000, 0x0000000770f00000, 0x00000007c0000000)
  eden space 57344K, 0% used [0x000000076ab00000,0x000000076ab00000,0x000000076e300000)
  from space 15872K, 98% used [0x000000076e400000,0x000000076f350050,0x000000076f380000)
  to   space 22528K, 0% used [0x000000076f900000,0x000000076f900000,0x0000000770f00000)
 ParOldGen       total 175104K, used 40130K [0x00000006c0000000, 0x00000006cab00000, 0x000000076ab00000)
  object space 175104K, 22% used [0x00000006c0000000,0x00000006c2730a70,0x00000006cab00000)
 Metaspace       used 16533K, capacity 17194K, committed 17536K, reserved 1064960K
  class space    used 2127K, capacity 2326K, committed 2432K, reserved 1048576K
}

